[2024-12-07 15:48:02] local.ERROR: Connection could not be established with host "mailpit:1025": stream_socket_client(): php_network_getaddresses: getaddrinfo for mailpit failed: No such host is known.  {"exception":"[object] (Symfony\\Component\\Mailer\\Exception\\TransportException(code: 0): Connection could not be established with host \"mailpit:1025\": stream_socket_client(): php_network_getaddresses: getaddrinfo for mailpit failed: No such host is known.  at C:\\Users\\PC\\Desktop\\backend\\vendor\\symfony\\mailer\\Transport\\Smtp\\Stream\\SocketStream.php:154)
[stacktrace]
#0 [internal function]: Symfony\\Component\\Mailer\\Transport\\Smtp\\Stream\\SocketStream->Symfony\\Component\\Mailer\\Transport\\Smtp\\Stream\\{closure}(2, 'stream_socket_c...', 'C:\\\\Users\\\\PC\\\\Des...', 157)
#1 C:\\Users\\PC\\Desktop\\backend\\vendor\\symfony\\mailer\\Transport\\Smtp\\Stream\\SocketStream.php(157): stream_socket_client('mailpit:1025', 0, '', 60.0, 4, Resource id #847)
#2 C:\\Users\\PC\\Desktop\\backend\\vendor\\symfony\\mailer\\Transport\\Smtp\\SmtpTransport.php(275): Symfony\\Component\\Mailer\\Transport\\Smtp\\Stream\\SocketStream->initialize()
#3 C:\\Users\\PC\\Desktop\\backend\\vendor\\symfony\\mailer\\Transport\\Smtp\\SmtpTransport.php(209): Symfony\\Component\\Mailer\\Transport\\Smtp\\SmtpTransport->start()
#4 C:\\Users\\PC\\Desktop\\backend\\vendor\\symfony\\mailer\\Transport\\AbstractTransport.php(69): Symfony\\Component\\Mailer\\Transport\\Smtp\\SmtpTransport->doSend(Object(Symfony\\Component\\Mailer\\SentMessage))
#5 C:\\Users\\PC\\Desktop\\backend\\vendor\\symfony\\mailer\\Transport\\Smtp\\SmtpTransport.php(137): Symfony\\Component\\Mailer\\Transport\\AbstractTransport->send(Object(Symfony\\Component\\Mime\\Email), Object(Symfony\\Component\\Mailer\\DelayedEnvelope))
#6 C:\\Users\\PC\\Desktop\\backend\\vendor\\laravel\\framework\\src\\Illuminate\\Mail\\Mailer.php(573): Symfony\\Component\\Mailer\\Transport\\Smtp\\SmtpTransport->send(Object(Symfony\\Component\\Mime\\Email), Object(Symfony\\Component\\Mailer\\DelayedEnvelope))
#7 C:\\Users\\PC\\Desktop\\backend\\vendor\\laravel\\framework\\src\\Illuminate\\Mail\\Mailer.php(335): Illuminate\\Mail\\Mailer->sendSymfonyMessage(Object(Symfony\\Component\\Mime\\Email))
#8 C:\\Users\\PC\\Desktop\\backend\\vendor\\laravel\\framework\\src\\Illuminate\\Mail\\Mailable.php(205): Illuminate\\Mail\\Mailer->send('emails.inactive...', Array, Object(Closure))
#9 C:\\Users\\PC\\Desktop\\backend\\vendor\\laravel\\framework\\src\\Illuminate\\Support\\Traits\\Localizable.php(19): Illuminate\\Mail\\Mailable->Illuminate\\Mail\\{closure}()
#10 C:\\Users\\PC\\Desktop\\backend\\vendor\\laravel\\framework\\src\\Illuminate\\Mail\\Mailable.php(198): Illuminate\\Mail\\Mailable->withLocale(NULL, Object(Closure))
#11 C:\\Users\\PC\\Desktop\\backend\\vendor\\laravel\\framework\\src\\Illuminate\\Mail\\Mailer.php(357): Illuminate\\Mail\\Mailable->send(Object(Illuminate\\Mail\\Mailer))
#12 C:\\Users\\PC\\Desktop\\backend\\vendor\\laravel\\framework\\src\\Illuminate\\Mail\\Mailer.php(301): Illuminate\\Mail\\Mailer->sendMailable(Object(App\\Mail\\InactiveUserNotification))
#13 C:\\Users\\PC\\Desktop\\backend\\vendor\\laravel\\framework\\src\\Illuminate\\Mail\\PendingMail.php(124): Illuminate\\Mail\\Mailer->send(Object(App\\Mail\\InactiveUserNotification))
#14 C:\\Users\\PC\\Desktop\\backend\\app\\Console\\Commands\\NotifyInactiveUsers.php(32): Illuminate\\Mail\\PendingMail->send(Object(App\\Mail\\InactiveUserNotification))
#15 C:\\Users\\PC\\Desktop\\backend\\vendor\\laravel\\framework\\src\\Illuminate\\Container\\BoundMethod.php(36): App\\Console\\Commands\\NotifyInactiveUsers->handle()
#16 C:\\Users\\PC\\Desktop\\backend\\vendor\\laravel\\framework\\src\\Illuminate\\Container\\Util.php(41): Illuminate\\Container\\BoundMethod::Illuminate\\Container\\{closure}()
#17 C:\\Users\\PC\\Desktop\\backend\\vendor\\laravel\\framework\\src\\Illuminate\\Container\\BoundMethod.php(93): Illuminate\\Container\\Util::unwrapIfClosure(Object(Closure))
#18 C:\\Users\\PC\\Desktop\\backend\\vendor\\laravel\\framework\\src\\Illuminate\\Container\\BoundMethod.php(35): Illuminate\\Container\\BoundMethod::callBoundMethod(Object(Illuminate\\Foundation\\Application), Array, Object(Closure))
#19 C:\\Users\\PC\\Desktop\\backend\\vendor\\laravel\\framework\\src\\Illuminate\\Container\\Container.php(662): Illuminate\\Container\\BoundMethod::call(Object(Illuminate\\Foundation\\Application), Array, Array, NULL)
#20 C:\\Users\\PC\\Desktop\\backend\\vendor\\laravel\\framework\\src\\Illuminate\\Console\\Command.php(211): Illuminate\\Container\\Container->call(Array)
#21 C:\\Users\\PC\\Desktop\\backend\\vendor\\symfony\\console\\Command\\Command.php(326): Illuminate\\Console\\Command->execute(Object(Symfony\\Component\\Console\\Input\\ArgvInput), Object(Illuminate\\Console\\OutputStyle))
#22 C:\\Users\\PC\\Desktop\\backend\\vendor\\laravel\\framework\\src\\Illuminate\\Console\\Command.php(180): Symfony\\Component\\Console\\Command\\Command->run(Object(Symfony\\Component\\Console\\Input\\ArgvInput), Object(Illuminate\\Console\\OutputStyle))
#23 C:\\Users\\PC\\Desktop\\backend\\vendor\\symfony\\console\\Application.php(1096): Illuminate\\Console\\Command->run(Object(Symfony\\Component\\Console\\Input\\ArgvInput), Object(Symfony\\Component\\Console\\Output\\ConsoleOutput))
#24 C:\\Users\\PC\\Desktop\\backend\\vendor\\symfony\\console\\Application.php(324): Symfony\\Component\\Console\\Application->doRunCommand(Object(App\\Console\\Commands\\NotifyInactiveUsers), Object(Symfony\\Component\\Console\\Input\\ArgvInput), Object(Symfony\\Component\\Console\\Output\\ConsoleOutput))
#25 C:\\Users\\PC\\Desktop\\backend\\vendor\\symfony\\console\\Application.php(175): Symfony\\Component\\Console\\Application->doRun(Object(Symfony\\Component\\Console\\Input\\ArgvInput), Object(Symfony\\Component\\Console\\Output\\ConsoleOutput))
#26 C:\\Users\\PC\\Desktop\\backend\\vendor\\laravel\\framework\\src\\Illuminate\\Foundation\\Console\\Kernel.php(201): Symfony\\Component\\Console\\Application->run(Object(Symfony\\Component\\Console\\Input\\ArgvInput), Object(Symfony\\Component\\Console\\Output\\ConsoleOutput))
#27 C:\\Users\\PC\\Desktop\\backend\\artisan(35): Illuminate\\Foundation\\Console\\Kernel->handle(Object(Symfony\\Component\\Console\\Input\\ArgvInput), Object(Symfony\\Component\\Console\\Output\\ConsoleOutput))
#28 {main}
"} 
[2024-12-07 15:49:21] local.ERROR: syntax error, unexpected token "}" {"exception":"[object] (ParseError(code: 0): syntax error, unexpected token \"}\" at C:\\Users\\PC\\Desktop\\backend\\app\\Console\\Commands\\NotifyInactiveUsers.php:35)
[stacktrace]
#0 C:\\Users\\PC\\Desktop\\backend\\vendor\\composer\\ClassLoader.php(427): Composer\\Autoload\\{closure}('C:\\\\Users\\\\PC\\\\Des...')
#1 [internal function]: Composer\\Autoload\\ClassLoader->loadClass('App\\\\Console\\\\Com...')
#2 C:\\Users\\PC\\Desktop\\backend\\vendor\\laravel\\framework\\src\\Illuminate\\Foundation\\Console\\Kernel.php(346): is_subclass_of('App\\\\Console\\\\Com...', 'Illuminate\\\\Cons...')
#3 C:\\Users\\PC\\Desktop\\backend\\app\\Console\\Kernel.php(24): Illuminate\\Foundation\\Console\\Kernel->load(Array)
#4 C:\\Users\\PC\\Desktop\\backend\\vendor\\laravel\\framework\\src\\Illuminate\\Foundation\\Console\\Kernel.php(453): App\\Console\\Kernel->commands()
#5 C:\\Users\\PC\\Desktop\\backend\\vendor\\laravel\\framework\\src\\Illuminate\\Foundation\\Console\\Kernel.php(199): Illuminate\\Foundation\\Console\\Kernel->bootstrap()
#6 Command line code(1): Illuminate\\Foundation\\Console\\Kernel->handle(Object(Symfony\\Component\\Console\\Input\\ArgvInput), Object(Symfony\\Component\\Console\\Output\\ConsoleOutput))
#7 {main}
"} 
[2024-12-07 15:49:22] local.ERROR: syntax error, unexpected token "}" {"exception":"[object] (ParseError(code: 0): syntax error, unexpected token \"}\" at C:\\Users\\PC\\Desktop\\backend\\app\\Console\\Commands\\NotifyInactiveUsers.php:35)
[stacktrace]
#0 C:\\Users\\PC\\Desktop\\backend\\vendor\\composer\\ClassLoader.php(427): Composer\\Autoload\\{closure}('C:\\\\Users\\\\PC\\\\Des...')
#1 [internal function]: Composer\\Autoload\\ClassLoader->loadClass('App\\\\Console\\\\Com...')
#2 C:\\Users\\PC\\Desktop\\backend\\vendor\\laravel\\framework\\src\\Illuminate\\Foundation\\Console\\Kernel.php(346): is_subclass_of('App\\\\Console\\\\Com...', 'Illuminate\\\\Cons...')
#3 C:\\Users\\PC\\Desktop\\backend\\app\\Console\\Kernel.php(24): Illuminate\\Foundation\\Console\\Kernel->load(Array)
#4 C:\\Users\\PC\\Desktop\\backend\\vendor\\laravel\\framework\\src\\Illuminate\\Foundation\\Console\\Kernel.php(453): App\\Console\\Kernel->commands()
#5 C:\\Users\\PC\\Desktop\\backend\\vendor\\laravel\\framework\\src\\Illuminate\\Foundation\\Console\\Kernel.php(199): Illuminate\\Foundation\\Console\\Kernel->bootstrap()
#6 Command line code(1): Illuminate\\Foundation\\Console\\Kernel->handle(Object(Symfony\\Component\\Console\\Input\\ArgvInput), Object(Symfony\\Component\\Console\\Output\\ConsoleOutput))
#7 {main}
"} 
[2024-12-07 15:49:26] local.ERROR: syntax error, unexpected token "}" {"exception":"[object] (ParseError(code: 0): syntax error, unexpected token \"}\" at C:\\Users\\PC\\Desktop\\backend\\app\\Console\\Commands\\NotifyInactiveUsers.php:35)
[stacktrace]
#0 C:\\Users\\PC\\Desktop\\backend\\vendor\\composer\\ClassLoader.php(427): Composer\\Autoload\\{closure}('C:\\\\Users\\\\PC\\\\Des...')
#1 [internal function]: Composer\\Autoload\\ClassLoader->loadClass('App\\\\Console\\\\Com...')
#2 C:\\Users\\PC\\Desktop\\backend\\vendor\\laravel\\framework\\src\\Illuminate\\Foundation\\Console\\Kernel.php(346): is_subclass_of('App\\\\Console\\\\Com...', 'Illuminate\\\\Cons...')
#3 C:\\Users\\PC\\Desktop\\backend\\app\\Console\\Kernel.php(24): Illuminate\\Foundation\\Console\\Kernel->load(Array)
#4 C:\\Users\\PC\\Desktop\\backend\\vendor\\laravel\\framework\\src\\Illuminate\\Foundation\\Console\\Kernel.php(453): App\\Console\\Kernel->commands()
#5 C:\\Users\\PC\\Desktop\\backend\\vendor\\laravel\\framework\\src\\Illuminate\\Foundation\\Console\\Kernel.php(199): Illuminate\\Foundation\\Console\\Kernel->bootstrap()
#6 Command line code(1): Illuminate\\Foundation\\Console\\Kernel->handle(Object(Symfony\\Component\\Console\\Input\\ArgvInput), Object(Symfony\\Component\\Console\\Output\\ConsoleOutput))
#7 {main}
"} 
[2024-12-07 15:49:27] local.ERROR: syntax error, unexpected token "}" {"exception":"[object] (ParseError(code: 0): syntax error, unexpected token \"}\" at C:\\Users\\PC\\Desktop\\backend\\app\\Console\\Commands\\NotifyInactiveUsers.php:35)
[stacktrace]
#0 C:\\Users\\PC\\Desktop\\backend\\vendor\\composer\\ClassLoader.php(427): Composer\\Autoload\\{closure}('C:\\\\Users\\\\PC\\\\Des...')
#1 [internal function]: Composer\\Autoload\\ClassLoader->loadClass('App\\\\Console\\\\Com...')
#2 C:\\Users\\PC\\Desktop\\backend\\vendor\\laravel\\framework\\src\\Illuminate\\Foundation\\Console\\Kernel.php(346): is_subclass_of('App\\\\Console\\\\Com...', 'Illuminate\\\\Cons...')
#3 C:\\Users\\PC\\Desktop\\backend\\app\\Console\\Kernel.php(24): Illuminate\\Foundation\\Console\\Kernel->load(Array)
#4 C:\\Users\\PC\\Desktop\\backend\\vendor\\laravel\\framework\\src\\Illuminate\\Foundation\\Console\\Kernel.php(453): App\\Console\\Kernel->commands()
#5 C:\\Users\\PC\\Desktop\\backend\\vendor\\laravel\\framework\\src\\Illuminate\\Foundation\\Console\\Kernel.php(199): Illuminate\\Foundation\\Console\\Kernel->bootstrap()
#6 Command line code(1): Illuminate\\Foundation\\Console\\Kernel->handle(Object(Symfony\\Component\\Console\\Input\\ArgvInput), Object(Symfony\\Component\\Console\\Output\\ConsoleOutput))
#7 {main}
"} 
[2024-12-07 15:49:31] local.ERROR: syntax error, unexpected token "}" {"exception":"[object] (ParseError(code: 0): syntax error, unexpected token \"}\" at C:\\Users\\PC\\Desktop\\backend\\app\\Console\\Commands\\NotifyInactiveUsers.php:35)
[stacktrace]
#0 C:\\Users\\PC\\Desktop\\backend\\vendor\\composer\\ClassLoader.php(427): Composer\\Autoload\\{closure}('C:\\\\Users\\\\PC\\\\Des...')
#1 [internal function]: Composer\\Autoload\\ClassLoader->loadClass('App\\\\Console\\\\Com...')
#2 C:\\Users\\PC\\Desktop\\backend\\vendor\\laravel\\framework\\src\\Illuminate\\Foundation\\Console\\Kernel.php(346): is_subclass_of('App\\\\Console\\\\Com...', 'Illuminate\\\\Cons...')
#3 C:\\Users\\PC\\Desktop\\backend\\app\\Console\\Kernel.php(24): Illuminate\\Foundation\\Console\\Kernel->load(Array)
#4 C:\\Users\\PC\\Desktop\\backend\\vendor\\laravel\\framework\\src\\Illuminate\\Foundation\\Console\\Kernel.php(453): App\\Console\\Kernel->commands()
#5 C:\\Users\\PC\\Desktop\\backend\\vendor\\laravel\\framework\\src\\Illuminate\\Foundation\\Console\\Kernel.php(199): Illuminate\\Foundation\\Console\\Kernel->bootstrap()
#6 Command line code(1): Illuminate\\Foundation\\Console\\Kernel->handle(Object(Symfony\\Component\\Console\\Input\\ArgvInput), Object(Symfony\\Component\\Console\\Output\\ConsoleOutput))
#7 {main}
"} 
[2024-12-07 15:49:32] local.ERROR: syntax error, unexpected token "}" {"exception":"[object] (ParseError(code: 0): syntax error, unexpected token \"}\" at C:\\Users\\PC\\Desktop\\backend\\app\\Console\\Commands\\NotifyInactiveUsers.php:35)
[stacktrace]
#0 C:\\Users\\PC\\Desktop\\backend\\vendor\\composer\\ClassLoader.php(427): Composer\\Autoload\\{closure}('C:\\\\Users\\\\PC\\\\Des...')
#1 [internal function]: Composer\\Autoload\\ClassLoader->loadClass('App\\\\Console\\\\Com...')
#2 C:\\Users\\PC\\Desktop\\backend\\vendor\\laravel\\framework\\src\\Illuminate\\Foundation\\Console\\Kernel.php(346): is_subclass_of('App\\\\Console\\\\Com...', 'Illuminate\\\\Cons...')
#3 C:\\Users\\PC\\Desktop\\backend\\app\\Console\\Kernel.php(24): Illuminate\\Foundation\\Console\\Kernel->load(Array)
#4 C:\\Users\\PC\\Desktop\\backend\\vendor\\laravel\\framework\\src\\Illuminate\\Foundation\\Console\\Kernel.php(453): App\\Console\\Kernel->commands()
#5 C:\\Users\\PC\\Desktop\\backend\\vendor\\laravel\\framework\\src\\Illuminate\\Foundation\\Console\\Kernel.php(199): Illuminate\\Foundation\\Console\\Kernel->bootstrap()
#6 Command line code(1): Illuminate\\Foundation\\Console\\Kernel->handle(Object(Symfony\\Component\\Console\\Input\\ArgvInput), Object(Symfony\\Component\\Console\\Output\\ConsoleOutput))
#7 {main}
"} 
[2024-12-07 15:49:36] local.ERROR: syntax error, unexpected token "}" {"exception":"[object] (ParseError(code: 0): syntax error, unexpected token \"}\" at C:\\Users\\PC\\Desktop\\backend\\app\\Console\\Commands\\NotifyInactiveUsers.php:35)
[stacktrace]
#0 C:\\Users\\PC\\Desktop\\backend\\vendor\\composer\\ClassLoader.php(427): Composer\\Autoload\\{closure}('C:\\\\Users\\\\PC\\\\Des...')
#1 [internal function]: Composer\\Autoload\\ClassLoader->loadClass('App\\\\Console\\\\Com...')
#2 C:\\Users\\PC\\Desktop\\backend\\vendor\\laravel\\framework\\src\\Illuminate\\Foundation\\Console\\Kernel.php(346): is_subclass_of('App\\\\Console\\\\Com...', 'Illuminate\\\\Cons...')
#3 C:\\Users\\PC\\Desktop\\backend\\app\\Console\\Kernel.php(24): Illuminate\\Foundation\\Console\\Kernel->load(Array)
#4 C:\\Users\\PC\\Desktop\\backend\\vendor\\laravel\\framework\\src\\Illuminate\\Foundation\\Console\\Kernel.php(453): App\\Console\\Kernel->commands()
#5 C:\\Users\\PC\\Desktop\\backend\\vendor\\laravel\\framework\\src\\Illuminate\\Foundation\\Console\\Kernel.php(199): Illuminate\\Foundation\\Console\\Kernel->bootstrap()
#6 Command line code(1): Illuminate\\Foundation\\Console\\Kernel->handle(Object(Symfony\\Component\\Console\\Input\\ArgvInput), Object(Symfony\\Component\\Console\\Output\\ConsoleOutput))
#7 {main}
"} 
[2024-12-07 15:49:37] local.ERROR: syntax error, unexpected token "}" {"exception":"[object] (ParseError(code: 0): syntax error, unexpected token \"}\" at C:\\Users\\PC\\Desktop\\backend\\app\\Console\\Commands\\NotifyInactiveUsers.php:35)
[stacktrace]
#0 C:\\Users\\PC\\Desktop\\backend\\vendor\\composer\\ClassLoader.php(427): Composer\\Autoload\\{closure}('C:\\\\Users\\\\PC\\\\Des...')
#1 [internal function]: Composer\\Autoload\\ClassLoader->loadClass('App\\\\Console\\\\Com...')
#2 C:\\Users\\PC\\Desktop\\backend\\vendor\\laravel\\framework\\src\\Illuminate\\Foundation\\Console\\Kernel.php(346): is_subclass_of('App\\\\Console\\\\Com...', 'Illuminate\\\\Cons...')
#3 C:\\Users\\PC\\Desktop\\backend\\app\\Console\\Kernel.php(24): Illuminate\\Foundation\\Console\\Kernel->load(Array)
#4 C:\\Users\\PC\\Desktop\\backend\\vendor\\laravel\\framework\\src\\Illuminate\\Foundation\\Console\\Kernel.php(453): App\\Console\\Kernel->commands()
#5 C:\\Users\\PC\\Desktop\\backend\\vendor\\laravel\\framework\\src\\Illuminate\\Foundation\\Console\\Kernel.php(199): Illuminate\\Foundation\\Console\\Kernel->bootstrap()
#6 Command line code(1): Illuminate\\Foundation\\Console\\Kernel->handle(Object(Symfony\\Component\\Console\\Input\\ArgvInput), Object(Symfony\\Component\\Console\\Output\\ConsoleOutput))
#7 {main}
"} 
[2024-12-07 15:49:41] local.ERROR: syntax error, unexpected token "}" {"exception":"[object] (ParseError(code: 0): syntax error, unexpected token \"}\" at C:\\Users\\PC\\Desktop\\backend\\app\\Console\\Commands\\NotifyInactiveUsers.php:35)
[stacktrace]
#0 C:\\Users\\PC\\Desktop\\backend\\vendor\\composer\\ClassLoader.php(427): Composer\\Autoload\\{closure}('C:\\\\Users\\\\PC\\\\Des...')
#1 [internal function]: Composer\\Autoload\\ClassLoader->loadClass('App\\\\Console\\\\Com...')
#2 C:\\Users\\PC\\Desktop\\backend\\vendor\\laravel\\framework\\src\\Illuminate\\Foundation\\Console\\Kernel.php(346): is_subclass_of('App\\\\Console\\\\Com...', 'Illuminate\\\\Cons...')
#3 C:\\Users\\PC\\Desktop\\backend\\app\\Console\\Kernel.php(24): Illuminate\\Foundation\\Console\\Kernel->load(Array)
#4 C:\\Users\\PC\\Desktop\\backend\\vendor\\laravel\\framework\\src\\Illuminate\\Foundation\\Console\\Kernel.php(453): App\\Console\\Kernel->commands()
#5 C:\\Users\\PC\\Desktop\\backend\\vendor\\laravel\\framework\\src\\Illuminate\\Foundation\\Console\\Kernel.php(199): Illuminate\\Foundation\\Console\\Kernel->bootstrap()
#6 Command line code(1): Illuminate\\Foundation\\Console\\Kernel->handle(Object(Symfony\\Component\\Console\\Input\\ArgvInput), Object(Symfony\\Component\\Console\\Output\\ConsoleOutput))
#7 {main}
"} 
[2024-12-07 15:49:42] local.ERROR: syntax error, unexpected token "}" {"exception":"[object] (ParseError(code: 0): syntax error, unexpected token \"}\" at C:\\Users\\PC\\Desktop\\backend\\app\\Console\\Commands\\NotifyInactiveUsers.php:35)
[stacktrace]
#0 C:\\Users\\PC\\Desktop\\backend\\vendor\\composer\\ClassLoader.php(427): Composer\\Autoload\\{closure}('C:\\\\Users\\\\PC\\\\Des...')
#1 [internal function]: Composer\\Autoload\\ClassLoader->loadClass('App\\\\Console\\\\Com...')
#2 C:\\Users\\PC\\Desktop\\backend\\vendor\\laravel\\framework\\src\\Illuminate\\Foundation\\Console\\Kernel.php(346): is_subclass_of('App\\\\Console\\\\Com...', 'Illuminate\\\\Cons...')
#3 C:\\Users\\PC\\Desktop\\backend\\app\\Console\\Kernel.php(24): Illuminate\\Foundation\\Console\\Kernel->load(Array)
#4 C:\\Users\\PC\\Desktop\\backend\\vendor\\laravel\\framework\\src\\Illuminate\\Foundation\\Console\\Kernel.php(453): App\\Console\\Kernel->commands()
#5 C:\\Users\\PC\\Desktop\\backend\\vendor\\laravel\\framework\\src\\Illuminate\\Foundation\\Console\\Kernel.php(199): Illuminate\\Foundation\\Console\\Kernel->bootstrap()
#6 Command line code(1): Illuminate\\Foundation\\Console\\Kernel->handle(Object(Symfony\\Component\\Console\\Input\\ArgvInput), Object(Symfony\\Component\\Console\\Output\\ConsoleOutput))
#7 {main}
"} 
[2024-12-07 15:49:46] local.ERROR: syntax error, unexpected token "}" {"exception":"[object] (ParseError(code: 0): syntax error, unexpected token \"}\" at C:\\Users\\PC\\Desktop\\backend\\app\\Console\\Commands\\NotifyInactiveUsers.php:35)
[stacktrace]
#0 C:\\Users\\PC\\Desktop\\backend\\vendor\\composer\\ClassLoader.php(427): Composer\\Autoload\\{closure}('C:\\\\Users\\\\PC\\\\Des...')
#1 [internal function]: Composer\\Autoload\\ClassLoader->loadClass('App\\\\Console\\\\Com...')
#2 C:\\Users\\PC\\Desktop\\backend\\vendor\\laravel\\framework\\src\\Illuminate\\Foundation\\Console\\Kernel.php(346): is_subclass_of('App\\\\Console\\\\Com...', 'Illuminate\\\\Cons...')
#3 C:\\Users\\PC\\Desktop\\backend\\app\\Console\\Kernel.php(24): Illuminate\\Foundation\\Console\\Kernel->load(Array)
#4 C:\\Users\\PC\\Desktop\\backend\\vendor\\laravel\\framework\\src\\Illuminate\\Foundation\\Console\\Kernel.php(453): App\\Console\\Kernel->commands()
#5 C:\\Users\\PC\\Desktop\\backend\\vendor\\laravel\\framework\\src\\Illuminate\\Foundation\\Console\\Kernel.php(199): Illuminate\\Foundation\\Console\\Kernel->bootstrap()
#6 Command line code(1): Illuminate\\Foundation\\Console\\Kernel->handle(Object(Symfony\\Component\\Console\\Input\\ArgvInput), Object(Symfony\\Component\\Console\\Output\\ConsoleOutput))
#7 {main}
"} 
[2024-12-07 15:49:47] local.ERROR: syntax error, unexpected token "}" {"exception":"[object] (ParseError(code: 0): syntax error, unexpected token \"}\" at C:\\Users\\PC\\Desktop\\backend\\app\\Console\\Commands\\NotifyInactiveUsers.php:35)
[stacktrace]
#0 C:\\Users\\PC\\Desktop\\backend\\vendor\\composer\\ClassLoader.php(427): Composer\\Autoload\\{closure}('C:\\\\Users\\\\PC\\\\Des...')
#1 [internal function]: Composer\\Autoload\\ClassLoader->loadClass('App\\\\Console\\\\Com...')
#2 C:\\Users\\PC\\Desktop\\backend\\vendor\\laravel\\framework\\src\\Illuminate\\Foundation\\Console\\Kernel.php(346): is_subclass_of('App\\\\Console\\\\Com...', 'Illuminate\\\\Cons...')
#3 C:\\Users\\PC\\Desktop\\backend\\app\\Console\\Kernel.php(24): Illuminate\\Foundation\\Console\\Kernel->load(Array)
#4 C:\\Users\\PC\\Desktop\\backend\\vendor\\laravel\\framework\\src\\Illuminate\\Foundation\\Console\\Kernel.php(453): App\\Console\\Kernel->commands()
#5 C:\\Users\\PC\\Desktop\\backend\\vendor\\laravel\\framework\\src\\Illuminate\\Foundation\\Console\\Kernel.php(199): Illuminate\\Foundation\\Console\\Kernel->bootstrap()
#6 Command line code(1): Illuminate\\Foundation\\Console\\Kernel->handle(Object(Symfony\\Component\\Console\\Input\\ArgvInput), Object(Symfony\\Component\\Console\\Output\\ConsoleOutput))
#7 {main}
"} 
[2024-12-07 15:49:50] local.ERROR: syntax error, unexpected token "}" {"exception":"[object] (ParseError(code: 0): syntax error, unexpected token \"}\" at C:\\Users\\PC\\Desktop\\backend\\app\\Console\\Commands\\NotifyInactiveUsers.php:35)
[stacktrace]
#0 C:\\Users\\PC\\Desktop\\backend\\vendor\\composer\\ClassLoader.php(427): Composer\\Autoload\\{closure}('C:\\\\Users\\\\PC\\\\Des...')
#1 [internal function]: Composer\\Autoload\\ClassLoader->loadClass('App\\\\Console\\\\Com...')
#2 C:\\Users\\PC\\Desktop\\backend\\vendor\\laravel\\framework\\src\\Illuminate\\Foundation\\Console\\Kernel.php(346): is_subclass_of('App\\\\Console\\\\Com...', 'Illuminate\\\\Cons...')
#3 C:\\Users\\PC\\Desktop\\backend\\app\\Console\\Kernel.php(24): Illuminate\\Foundation\\Console\\Kernel->load(Array)
#4 C:\\Users\\PC\\Desktop\\backend\\vendor\\laravel\\framework\\src\\Illuminate\\Foundation\\Console\\Kernel.php(453): App\\Console\\Kernel->commands()
#5 C:\\Users\\PC\\Desktop\\backend\\vendor\\laravel\\framework\\src\\Illuminate\\Foundation\\Console\\Kernel.php(199): Illuminate\\Foundation\\Console\\Kernel->bootstrap()
#6 Command line code(1): Illuminate\\Foundation\\Console\\Kernel->handle(Object(Symfony\\Component\\Console\\Input\\ArgvInput), Object(Symfony\\Component\\Console\\Output\\ConsoleOutput))
#7 {main}
"} 
[2024-12-07 15:49:51] local.ERROR: syntax error, unexpected token "}" {"exception":"[object] (ParseError(code: 0): syntax error, unexpected token \"}\" at C:\\Users\\PC\\Desktop\\backend\\app\\Console\\Commands\\NotifyInactiveUsers.php:35)
[stacktrace]
#0 C:\\Users\\PC\\Desktop\\backend\\vendor\\composer\\ClassLoader.php(427): Composer\\Autoload\\{closure}('C:\\\\Users\\\\PC\\\\Des...')
#1 [internal function]: Composer\\Autoload\\ClassLoader->loadClass('App\\\\Console\\\\Com...')
#2 C:\\Users\\PC\\Desktop\\backend\\vendor\\laravel\\framework\\src\\Illuminate\\Foundation\\Console\\Kernel.php(346): is_subclass_of('App\\\\Console\\\\Com...', 'Illuminate\\\\Cons...')
#3 C:\\Users\\PC\\Desktop\\backend\\app\\Console\\Kernel.php(24): Illuminate\\Foundation\\Console\\Kernel->load(Array)
#4 C:\\Users\\PC\\Desktop\\backend\\vendor\\laravel\\framework\\src\\Illuminate\\Foundation\\Console\\Kernel.php(453): App\\Console\\Kernel->commands()
#5 C:\\Users\\PC\\Desktop\\backend\\vendor\\laravel\\framework\\src\\Illuminate\\Foundation\\Console\\Kernel.php(199): Illuminate\\Foundation\\Console\\Kernel->bootstrap()
#6 Command line code(1): Illuminate\\Foundation\\Console\\Kernel->handle(Object(Symfony\\Component\\Console\\Input\\ArgvInput), Object(Symfony\\Component\\Console\\Output\\ConsoleOutput))
#7 {main}
"} 
[2024-12-07 15:49:52] local.ERROR: syntax error, unexpected token "}" {"exception":"[object] (ParseError(code: 0): syntax error, unexpected token \"}\" at C:\\Users\\PC\\Desktop\\backend\\app\\Console\\Commands\\NotifyInactiveUsers.php:35)
[stacktrace]
#0 C:\\Users\\PC\\Desktop\\backend\\vendor\\composer\\ClassLoader.php(427): Composer\\Autoload\\{closure}('C:\\\\Users\\\\PC\\\\Des...')
#1 [internal function]: Composer\\Autoload\\ClassLoader->loadClass('App\\\\Console\\\\Com...')
#2 C:\\Users\\PC\\Desktop\\backend\\vendor\\laravel\\framework\\src\\Illuminate\\Foundation\\Console\\Kernel.php(346): is_subclass_of('App\\\\Console\\\\Com...', 'Illuminate\\\\Cons...')
#3 C:\\Users\\PC\\Desktop\\backend\\app\\Console\\Kernel.php(24): Illuminate\\Foundation\\Console\\Kernel->load(Array)
#4 C:\\Users\\PC\\Desktop\\backend\\vendor\\laravel\\framework\\src\\Illuminate\\Foundation\\Console\\Kernel.php(453): App\\Console\\Kernel->commands()
#5 C:\\Users\\PC\\Desktop\\backend\\vendor\\laravel\\framework\\src\\Illuminate\\Foundation\\Console\\Kernel.php(199): Illuminate\\Foundation\\Console\\Kernel->bootstrap()
#6 Command line code(1): Illuminate\\Foundation\\Console\\Kernel->handle(Object(Symfony\\Component\\Console\\Input\\ArgvInput), Object(Symfony\\Component\\Console\\Output\\ConsoleOutput))
#7 {main}
"} 
[2024-12-07 15:49:56] local.ERROR: syntax error, unexpected token "}" {"exception":"[object] (ParseError(code: 0): syntax error, unexpected token \"}\" at C:\\Users\\PC\\Desktop\\backend\\app\\Console\\Commands\\NotifyInactiveUsers.php:35)
[stacktrace]
#0 C:\\Users\\PC\\Desktop\\backend\\vendor\\composer\\ClassLoader.php(427): Composer\\Autoload\\{closure}('C:\\\\Users\\\\PC\\\\Des...')
#1 [internal function]: Composer\\Autoload\\ClassLoader->loadClass('App\\\\Console\\\\Com...')
#2 C:\\Users\\PC\\Desktop\\backend\\vendor\\laravel\\framework\\src\\Illuminate\\Foundation\\Console\\Kernel.php(346): is_subclass_of('App\\\\Console\\\\Com...', 'Illuminate\\\\Cons...')
#3 C:\\Users\\PC\\Desktop\\backend\\app\\Console\\Kernel.php(24): Illuminate\\Foundation\\Console\\Kernel->load(Array)
#4 C:\\Users\\PC\\Desktop\\backend\\vendor\\laravel\\framework\\src\\Illuminate\\Foundation\\Console\\Kernel.php(453): App\\Console\\Kernel->commands()
#5 C:\\Users\\PC\\Desktop\\backend\\vendor\\laravel\\framework\\src\\Illuminate\\Foundation\\Console\\Kernel.php(199): Illuminate\\Foundation\\Console\\Kernel->bootstrap()
#6 Command line code(1): Illuminate\\Foundation\\Console\\Kernel->handle(Object(Symfony\\Component\\Console\\Input\\ArgvInput), Object(Symfony\\Component\\Console\\Output\\ConsoleOutput))
#7 {main}
"} 
[2024-12-07 15:49:57] local.ERROR: syntax error, unexpected token "}" {"exception":"[object] (ParseError(code: 0): syntax error, unexpected token \"}\" at C:\\Users\\PC\\Desktop\\backend\\app\\Console\\Commands\\NotifyInactiveUsers.php:35)
[stacktrace]
#0 C:\\Users\\PC\\Desktop\\backend\\vendor\\composer\\ClassLoader.php(427): Composer\\Autoload\\{closure}('C:\\\\Users\\\\PC\\\\Des...')
#1 [internal function]: Composer\\Autoload\\ClassLoader->loadClass('App\\\\Console\\\\Com...')
#2 C:\\Users\\PC\\Desktop\\backend\\vendor\\laravel\\framework\\src\\Illuminate\\Foundation\\Console\\Kernel.php(346): is_subclass_of('App\\\\Console\\\\Com...', 'Illuminate\\\\Cons...')
#3 C:\\Users\\PC\\Desktop\\backend\\app\\Console\\Kernel.php(24): Illuminate\\Foundation\\Console\\Kernel->load(Array)
#4 C:\\Users\\PC\\Desktop\\backend\\vendor\\laravel\\framework\\src\\Illuminate\\Foundation\\Console\\Kernel.php(453): App\\Console\\Kernel->commands()
#5 C:\\Users\\PC\\Desktop\\backend\\vendor\\laravel\\framework\\src\\Illuminate\\Foundation\\Console\\Kernel.php(199): Illuminate\\Foundation\\Console\\Kernel->bootstrap()
#6 Command line code(1): Illuminate\\Foundation\\Console\\Kernel->handle(Object(Symfony\\Component\\Console\\Input\\ArgvInput), Object(Symfony\\Component\\Console\\Output\\ConsoleOutput))
#7 {main}
"} 
[2024-12-07 15:50:01] local.ERROR: syntax error, unexpected token "}" {"exception":"[object] (ParseError(code: 0): syntax error, unexpected token \"}\" at C:\\Users\\PC\\Desktop\\backend\\app\\Console\\Commands\\NotifyInactiveUsers.php:35)
[stacktrace]
#0 C:\\Users\\PC\\Desktop\\backend\\vendor\\composer\\ClassLoader.php(427): Composer\\Autoload\\{closure}('C:\\\\Users\\\\PC\\\\Des...')
#1 [internal function]: Composer\\Autoload\\ClassLoader->loadClass('App\\\\Console\\\\Com...')
#2 C:\\Users\\PC\\Desktop\\backend\\vendor\\laravel\\framework\\src\\Illuminate\\Foundation\\Console\\Kernel.php(346): is_subclass_of('App\\\\Console\\\\Com...', 'Illuminate\\\\Cons...')
#3 C:\\Users\\PC\\Desktop\\backend\\app\\Console\\Kernel.php(24): Illuminate\\Foundation\\Console\\Kernel->load(Array)
#4 C:\\Users\\PC\\Desktop\\backend\\vendor\\laravel\\framework\\src\\Illuminate\\Foundation\\Console\\Kernel.php(453): App\\Console\\Kernel->commands()
#5 C:\\Users\\PC\\Desktop\\backend\\vendor\\laravel\\framework\\src\\Illuminate\\Foundation\\Console\\Kernel.php(199): Illuminate\\Foundation\\Console\\Kernel->bootstrap()
#6 Command line code(1): Illuminate\\Foundation\\Console\\Kernel->handle(Object(Symfony\\Component\\Console\\Input\\ArgvInput), Object(Symfony\\Component\\Console\\Output\\ConsoleOutput))
#7 {main}
"} 
[2024-12-07 15:50:02] local.ERROR: syntax error, unexpected token "}" {"exception":"[object] (ParseError(code: 0): syntax error, unexpected token \"}\" at C:\\Users\\PC\\Desktop\\backend\\app\\Console\\Commands\\NotifyInactiveUsers.php:35)
[stacktrace]
#0 C:\\Users\\PC\\Desktop\\backend\\vendor\\composer\\ClassLoader.php(427): Composer\\Autoload\\{closure}('C:\\\\Users\\\\PC\\\\Des...')
#1 [internal function]: Composer\\Autoload\\ClassLoader->loadClass('App\\\\Console\\\\Com...')
#2 C:\\Users\\PC\\Desktop\\backend\\vendor\\laravel\\framework\\src\\Illuminate\\Foundation\\Console\\Kernel.php(346): is_subclass_of('App\\\\Console\\\\Com...', 'Illuminate\\\\Cons...')
#3 C:\\Users\\PC\\Desktop\\backend\\app\\Console\\Kernel.php(24): Illuminate\\Foundation\\Console\\Kernel->load(Array)
#4 C:\\Users\\PC\\Desktop\\backend\\vendor\\laravel\\framework\\src\\Illuminate\\Foundation\\Console\\Kernel.php(453): App\\Console\\Kernel->commands()
#5 C:\\Users\\PC\\Desktop\\backend\\vendor\\laravel\\framework\\src\\Illuminate\\Foundation\\Console\\Kernel.php(199): Illuminate\\Foundation\\Console\\Kernel->bootstrap()
#6 Command line code(1): Illuminate\\Foundation\\Console\\Kernel->handle(Object(Symfony\\Component\\Console\\Input\\ArgvInput), Object(Symfony\\Component\\Console\\Output\\ConsoleOutput))
#7 {main}
"} 
[2024-12-07 15:50:06] local.ERROR: syntax error, unexpected token "}" {"exception":"[object] (ParseError(code: 0): syntax error, unexpected token \"}\" at C:\\Users\\PC\\Desktop\\backend\\app\\Console\\Commands\\NotifyInactiveUsers.php:35)
[stacktrace]
#0 C:\\Users\\PC\\Desktop\\backend\\vendor\\composer\\ClassLoader.php(427): Composer\\Autoload\\{closure}('C:\\\\Users\\\\PC\\\\Des...')
#1 [internal function]: Composer\\Autoload\\ClassLoader->loadClass('App\\\\Console\\\\Com...')
#2 C:\\Users\\PC\\Desktop\\backend\\vendor\\laravel\\framework\\src\\Illuminate\\Foundation\\Console\\Kernel.php(346): is_subclass_of('App\\\\Console\\\\Com...', 'Illuminate\\\\Cons...')
#3 C:\\Users\\PC\\Desktop\\backend\\app\\Console\\Kernel.php(24): Illuminate\\Foundation\\Console\\Kernel->load(Array)
#4 C:\\Users\\PC\\Desktop\\backend\\vendor\\laravel\\framework\\src\\Illuminate\\Foundation\\Console\\Kernel.php(453): App\\Console\\Kernel->commands()
#5 C:\\Users\\PC\\Desktop\\backend\\vendor\\laravel\\framework\\src\\Illuminate\\Foundation\\Console\\Kernel.php(199): Illuminate\\Foundation\\Console\\Kernel->bootstrap()
#6 Command line code(1): Illuminate\\Foundation\\Console\\Kernel->handle(Object(Symfony\\Component\\Console\\Input\\ArgvInput), Object(Symfony\\Component\\Console\\Output\\ConsoleOutput))
#7 {main}
"} 
[2024-12-07 15:50:07] local.ERROR: syntax error, unexpected token "}" {"exception":"[object] (ParseError(code: 0): syntax error, unexpected token \"}\" at C:\\Users\\PC\\Desktop\\backend\\app\\Console\\Commands\\NotifyInactiveUsers.php:35)
[stacktrace]
#0 C:\\Users\\PC\\Desktop\\backend\\vendor\\composer\\ClassLoader.php(427): Composer\\Autoload\\{closure}('C:\\\\Users\\\\PC\\\\Des...')
#1 [internal function]: Composer\\Autoload\\ClassLoader->loadClass('App\\\\Console\\\\Com...')
#2 C:\\Users\\PC\\Desktop\\backend\\vendor\\laravel\\framework\\src\\Illuminate\\Foundation\\Console\\Kernel.php(346): is_subclass_of('App\\\\Console\\\\Com...', 'Illuminate\\\\Cons...')
#3 C:\\Users\\PC\\Desktop\\backend\\app\\Console\\Kernel.php(24): Illuminate\\Foundation\\Console\\Kernel->load(Array)
#4 C:\\Users\\PC\\Desktop\\backend\\vendor\\laravel\\framework\\src\\Illuminate\\Foundation\\Console\\Kernel.php(453): App\\Console\\Kernel->commands()
#5 C:\\Users\\PC\\Desktop\\backend\\vendor\\laravel\\framework\\src\\Illuminate\\Foundation\\Console\\Kernel.php(199): Illuminate\\Foundation\\Console\\Kernel->bootstrap()
#6 Command line code(1): Illuminate\\Foundation\\Console\\Kernel->handle(Object(Symfony\\Component\\Console\\Input\\ArgvInput), Object(Symfony\\Component\\Console\\Output\\ConsoleOutput))
#7 {main}
"} 
[2024-12-07 15:50:11] local.ERROR: syntax error, unexpected token "}" {"exception":"[object] (ParseError(code: 0): syntax error, unexpected token \"}\" at C:\\Users\\PC\\Desktop\\backend\\app\\Console\\Commands\\NotifyInactiveUsers.php:35)
[stacktrace]
#0 C:\\Users\\PC\\Desktop\\backend\\vendor\\composer\\ClassLoader.php(427): Composer\\Autoload\\{closure}('C:\\\\Users\\\\PC\\\\Des...')
#1 [internal function]: Composer\\Autoload\\ClassLoader->loadClass('App\\\\Console\\\\Com...')
#2 C:\\Users\\PC\\Desktop\\backend\\vendor\\laravel\\framework\\src\\Illuminate\\Foundation\\Console\\Kernel.php(346): is_subclass_of('App\\\\Console\\\\Com...', 'Illuminate\\\\Cons...')
#3 C:\\Users\\PC\\Desktop\\backend\\app\\Console\\Kernel.php(24): Illuminate\\Foundation\\Console\\Kernel->load(Array)
#4 C:\\Users\\PC\\Desktop\\backend\\vendor\\laravel\\framework\\src\\Illuminate\\Foundation\\Console\\Kernel.php(453): App\\Console\\Kernel->commands()
#5 C:\\Users\\PC\\Desktop\\backend\\vendor\\laravel\\framework\\src\\Illuminate\\Foundation\\Console\\Kernel.php(199): Illuminate\\Foundation\\Console\\Kernel->bootstrap()
#6 Command line code(1): Illuminate\\Foundation\\Console\\Kernel->handle(Object(Symfony\\Component\\Console\\Input\\ArgvInput), Object(Symfony\\Component\\Console\\Output\\ConsoleOutput))
#7 {main}
"} 
[2024-12-07 15:50:12] local.ERROR: syntax error, unexpected token "}" {"exception":"[object] (ParseError(code: 0): syntax error, unexpected token \"}\" at C:\\Users\\PC\\Desktop\\backend\\app\\Console\\Commands\\NotifyInactiveUsers.php:35)
[stacktrace]
#0 C:\\Users\\PC\\Desktop\\backend\\vendor\\composer\\ClassLoader.php(427): Composer\\Autoload\\{closure}('C:\\\\Users\\\\PC\\\\Des...')
#1 [internal function]: Composer\\Autoload\\ClassLoader->loadClass('App\\\\Console\\\\Com...')
#2 C:\\Users\\PC\\Desktop\\backend\\vendor\\laravel\\framework\\src\\Illuminate\\Foundation\\Console\\Kernel.php(346): is_subclass_of('App\\\\Console\\\\Com...', 'Illuminate\\\\Cons...')
#3 C:\\Users\\PC\\Desktop\\backend\\app\\Console\\Kernel.php(24): Illuminate\\Foundation\\Console\\Kernel->load(Array)
#4 C:\\Users\\PC\\Desktop\\backend\\vendor\\laravel\\framework\\src\\Illuminate\\Foundation\\Console\\Kernel.php(453): App\\Console\\Kernel->commands()
#5 C:\\Users\\PC\\Desktop\\backend\\vendor\\laravel\\framework\\src\\Illuminate\\Foundation\\Console\\Kernel.php(199): Illuminate\\Foundation\\Console\\Kernel->bootstrap()
#6 Command line code(1): Illuminate\\Foundation\\Console\\Kernel->handle(Object(Symfony\\Component\\Console\\Input\\ArgvInput), Object(Symfony\\Component\\Console\\Output\\ConsoleOutput))
#7 {main}
"} 
[2024-12-07 16:11:03] local.ERROR: SQLSTATE[42S22]: Column not found: 1054 Unknown column 'notified_inactive' in 'where clause' (Connection: mysql, SQL: select * from `users` where `lasted_login` < 2024-09-07 16:11:03 and `notified_inactive` = 0) {"exception":"[object] (Illuminate\\Database\\QueryException(code: 42S22): SQLSTATE[42S22]: Column not found: 1054 Unknown column 'notified_inactive' in 'where clause' (Connection: mysql, SQL: select * from `users` where `lasted_login` < 2024-09-07 16:11:03 and `notified_inactive` = 0) at D:\\HK8\\DoAnChuyenNganh\\backend\\vendor\\laravel\\framework\\src\\Illuminate\\Database\\Connection.php:829)
[stacktrace]
#0 D:\\HK8\\DoAnChuyenNganh\\backend\\vendor\\laravel\\framework\\src\\Illuminate\\Database\\Connection.php(783): Illuminate\\Database\\Connection->runQueryCallback('select * from `...', Array, Object(Closure))
#1 D:\\HK8\\DoAnChuyenNganh\\backend\\vendor\\laravel\\framework\\src\\Illuminate\\Database\\Connection.php(414): Illuminate\\Database\\Connection->run('select * from `...', Array, Object(Closure))
#2 D:\\HK8\\DoAnChuyenNganh\\backend\\vendor\\laravel\\framework\\src\\Illuminate\\Database\\Query\\Builder.php(2913): Illuminate\\Database\\Connection->select('select * from `...', Array, true)
#3 D:\\HK8\\DoAnChuyenNganh\\backend\\vendor\\laravel\\framework\\src\\Illuminate\\Database\\Query\\Builder.php(2902): Illuminate\\Database\\Query\\Builder->runSelect()
#4 D:\\HK8\\DoAnChuyenNganh\\backend\\vendor\\laravel\\framework\\src\\Illuminate\\Database\\Query\\Builder.php(3456): Illuminate\\Database\\Query\\Builder->Illuminate\\Database\\Query\\{closure}()
#5 D:\\HK8\\DoAnChuyenNganh\\backend\\vendor\\laravel\\framework\\src\\Illuminate\\Database\\Query\\Builder.php(2901): Illuminate\\Database\\Query\\Builder->onceWithColumns(Array, Object(Closure))
#6 D:\\HK8\\DoAnChuyenNganh\\backend\\vendor\\laravel\\framework\\src\\Illuminate\\Database\\Eloquent\\Builder.php(739): Illuminate\\Database\\Query\\Builder->get(Array)
#7 D:\\HK8\\DoAnChuyenNganh\\backend\\vendor\\laravel\\framework\\src\\Illuminate\\Database\\Eloquent\\Builder.php(723): Illuminate\\Database\\Eloquent\\Builder->getModels(Array)
#8 D:\\HK8\\DoAnChuyenNganh\\backend\\app\\Console\\Commands\\NotifyInactiveUsers.php(30): Illuminate\\Database\\Eloquent\\Builder->get()
#9 D:\\HK8\\DoAnChuyenNganh\\backend\\vendor\\laravel\\framework\\src\\Illuminate\\Container\\BoundMethod.php(36): App\\Console\\Commands\\NotifyInactiveUsers->handle()
#10 D:\\HK8\\DoAnChuyenNganh\\backend\\vendor\\laravel\\framework\\src\\Illuminate\\Container\\Util.php(41): Illuminate\\Container\\BoundMethod::Illuminate\\Container\\{closure}()
#11 D:\\HK8\\DoAnChuyenNganh\\backend\\vendor\\laravel\\framework\\src\\Illuminate\\Container\\BoundMethod.php(93): Illuminate\\Container\\Util::unwrapIfClosure(Object(Closure))
#12 D:\\HK8\\DoAnChuyenNganh\\backend\\vendor\\laravel\\framework\\src\\Illuminate\\Container\\BoundMethod.php(35): Illuminate\\Container\\BoundMethod::callBoundMethod(Object(Illuminate\\Foundation\\Application), Array, Object(Closure))
#13 D:\\HK8\\DoAnChuyenNganh\\backend\\vendor\\laravel\\framework\\src\\Illuminate\\Container\\Container.php(662): Illuminate\\Container\\BoundMethod::call(Object(Illuminate\\Foundation\\Application), Array, Array, NULL)
#14 D:\\HK8\\DoAnChuyenNganh\\backend\\vendor\\laravel\\framework\\src\\Illuminate\\Console\\Command.php(211): Illuminate\\Container\\Container->call(Array)
#15 D:\\HK8\\DoAnChuyenNganh\\backend\\vendor\\symfony\\console\\Command\\Command.php(326): Illuminate\\Console\\Command->execute(Object(Symfony\\Component\\Console\\Input\\ArgvInput), Object(Illuminate\\Console\\OutputStyle))
#16 D:\\HK8\\DoAnChuyenNganh\\backend\\vendor\\laravel\\framework\\src\\Illuminate\\Console\\Command.php(180): Symfony\\Component\\Console\\Command\\Command->run(Object(Symfony\\Component\\Console\\Input\\ArgvInput), Object(Illuminate\\Console\\OutputStyle))
#17 D:\\HK8\\DoAnChuyenNganh\\backend\\vendor\\symfony\\console\\Application.php(1096): Illuminate\\Console\\Command->run(Object(Symfony\\Component\\Console\\Input\\ArgvInput), Object(Symfony\\Component\\Console\\Output\\ConsoleOutput))
#18 D:\\HK8\\DoAnChuyenNganh\\backend\\vendor\\symfony\\console\\Application.php(324): Symfony\\Component\\Console\\Application->doRunCommand(Object(App\\Console\\Commands\\NotifyInactiveUsers), Object(Symfony\\Component\\Console\\Input\\ArgvInput), Object(Symfony\\Component\\Console\\Output\\ConsoleOutput))
#19 D:\\HK8\\DoAnChuyenNganh\\backend\\vendor\\symfony\\console\\Application.php(175): Symfony\\Component\\Console\\Application->doRun(Object(Symfony\\Component\\Console\\Input\\ArgvInput), Object(Symfony\\Component\\Console\\Output\\ConsoleOutput))
#20 D:\\HK8\\DoAnChuyenNganh\\backend\\vendor\\laravel\\framework\\src\\Illuminate\\Foundation\\Console\\Kernel.php(201): Symfony\\Component\\Console\\Application->run(Object(Symfony\\Component\\Console\\Input\\ArgvInput), Object(Symfony\\Component\\Console\\Output\\ConsoleOutput))
#21 D:\\HK8\\DoAnChuyenNganh\\backend\\artisan(35): Illuminate\\Foundation\\Console\\Kernel->handle(Object(Symfony\\Component\\Console\\Input\\ArgvInput), Object(Symfony\\Component\\Console\\Output\\ConsoleOutput))
#22 {main}

[previous exception] [object] (PDOException(code: 42S22): SQLSTATE[42S22]: Column not found: 1054 Unknown column 'notified_inactive' in 'where clause' at D:\\HK8\\DoAnChuyenNganh\\backend\\vendor\\laravel\\framework\\src\\Illuminate\\Database\\Connection.php:423)
[stacktrace]
#0 D:\\HK8\\DoAnChuyenNganh\\backend\\vendor\\laravel\\framework\\src\\Illuminate\\Database\\Connection.php(423): PDO->prepare('select * from `...')
#1 D:\\HK8\\DoAnChuyenNganh\\backend\\vendor\\laravel\\framework\\src\\Illuminate\\Database\\Connection.php(816): Illuminate\\Database\\Connection->Illuminate\\Database\\{closure}('select * from `...', Array)
#2 D:\\HK8\\DoAnChuyenNganh\\backend\\vendor\\laravel\\framework\\src\\Illuminate\\Database\\Connection.php(783): Illuminate\\Database\\Connection->runQueryCallback('select * from `...', Array, Object(Closure))
#3 D:\\HK8\\DoAnChuyenNganh\\backend\\vendor\\laravel\\framework\\src\\Illuminate\\Database\\Connection.php(414): Illuminate\\Database\\Connection->run('select * from `...', Array, Object(Closure))
#4 D:\\HK8\\DoAnChuyenNganh\\backend\\vendor\\laravel\\framework\\src\\Illuminate\\Database\\Query\\Builder.php(2913): Illuminate\\Database\\Connection->select('select * from `...', Array, true)
#5 D:\\HK8\\DoAnChuyenNganh\\backend\\vendor\\laravel\\framework\\src\\Illuminate\\Database\\Query\\Builder.php(2902): Illuminate\\Database\\Query\\Builder->runSelect()
#6 D:\\HK8\\DoAnChuyenNganh\\backend\\vendor\\laravel\\framework\\src\\Illuminate\\Database\\Query\\Builder.php(3456): Illuminate\\Database\\Query\\Builder->Illuminate\\Database\\Query\\{closure}()
#7 D:\\HK8\\DoAnChuyenNganh\\backend\\vendor\\laravel\\framework\\src\\Illuminate\\Database\\Query\\Builder.php(2901): Illuminate\\Database\\Query\\Builder->onceWithColumns(Array, Object(Closure))
#8 D:\\HK8\\DoAnChuyenNganh\\backend\\vendor\\laravel\\framework\\src\\Illuminate\\Database\\Eloquent\\Builder.php(739): Illuminate\\Database\\Query\\Builder->get(Array)
#9 D:\\HK8\\DoAnChuyenNganh\\backend\\vendor\\laravel\\framework\\src\\Illuminate\\Database\\Eloquent\\Builder.php(723): Illuminate\\Database\\Eloquent\\Builder->getModels(Array)
#10 D:\\HK8\\DoAnChuyenNganh\\backend\\app\\Console\\Commands\\NotifyInactiveUsers.php(30): Illuminate\\Database\\Eloquent\\Builder->get()
#11 D:\\HK8\\DoAnChuyenNganh\\backend\\vendor\\laravel\\framework\\src\\Illuminate\\Container\\BoundMethod.php(36): App\\Console\\Commands\\NotifyInactiveUsers->handle()
#12 D:\\HK8\\DoAnChuyenNganh\\backend\\vendor\\laravel\\framework\\src\\Illuminate\\Container\\Util.php(41): Illuminate\\Container\\BoundMethod::Illuminate\\Container\\{closure}()
#13 D:\\HK8\\DoAnChuyenNganh\\backend\\vendor\\laravel\\framework\\src\\Illuminate\\Container\\BoundMethod.php(93): Illuminate\\Container\\Util::unwrapIfClosure(Object(Closure))
#14 D:\\HK8\\DoAnChuyenNganh\\backend\\vendor\\laravel\\framework\\src\\Illuminate\\Container\\BoundMethod.php(35): Illuminate\\Container\\BoundMethod::callBoundMethod(Object(Illuminate\\Foundation\\Application), Array, Object(Closure))
#15 D:\\HK8\\DoAnChuyenNganh\\backend\\vendor\\laravel\\framework\\src\\Illuminate\\Container\\Container.php(662): Illuminate\\Container\\BoundMethod::call(Object(Illuminate\\Foundation\\Application), Array, Array, NULL)
#16 D:\\HK8\\DoAnChuyenNganh\\backend\\vendor\\laravel\\framework\\src\\Illuminate\\Console\\Command.php(211): Illuminate\\Container\\Container->call(Array)
#17 D:\\HK8\\DoAnChuyenNganh\\backend\\vendor\\symfony\\console\\Command\\Command.php(326): Illuminate\\Console\\Command->execute(Object(Symfony\\Component\\Console\\Input\\ArgvInput), Object(Illuminate\\Console\\OutputStyle))
#18 D:\\HK8\\DoAnChuyenNganh\\backend\\vendor\\laravel\\framework\\src\\Illuminate\\Console\\Command.php(180): Symfony\\Component\\Console\\Command\\Command->run(Object(Symfony\\Component\\Console\\Input\\ArgvInput), Object(Illuminate\\Console\\OutputStyle))
#19 D:\\HK8\\DoAnChuyenNganh\\backend\\vendor\\symfony\\console\\Application.php(1096): Illuminate\\Console\\Command->run(Object(Symfony\\Component\\Console\\Input\\ArgvInput), Object(Symfony\\Component\\Console\\Output\\ConsoleOutput))
#20 D:\\HK8\\DoAnChuyenNganh\\backend\\vendor\\symfony\\console\\Application.php(324): Symfony\\Component\\Console\\Application->doRunCommand(Object(App\\Console\\Commands\\NotifyInactiveUsers), Object(Symfony\\Component\\Console\\Input\\ArgvInput), Object(Symfony\\Component\\Console\\Output\\ConsoleOutput))
#21 D:\\HK8\\DoAnChuyenNganh\\backend\\vendor\\symfony\\console\\Application.php(175): Symfony\\Component\\Console\\Application->doRun(Object(Symfony\\Component\\Console\\Input\\ArgvInput), Object(Symfony\\Component\\Console\\Output\\ConsoleOutput))
#22 D:\\HK8\\DoAnChuyenNganh\\backend\\vendor\\laravel\\framework\\src\\Illuminate\\Foundation\\Console\\Kernel.php(201): Symfony\\Component\\Console\\Application->run(Object(Symfony\\Component\\Console\\Input\\ArgvInput), Object(Symfony\\Component\\Console\\Output\\ConsoleOutput))
#23 D:\\HK8\\DoAnChuyenNganh\\backend\\artisan(35): Illuminate\\Foundation\\Console\\Kernel->handle(Object(Symfony\\Component\\Console\\Input\\ArgvInput), Object(Symfony\\Component\\Console\\Output\\ConsoleOutput))
#24 {main}
"} 
